0 info it worked if it ends with ok
1 verbose cli [ 'D:\\Program Files\\nodejs\\node.exe',
1 verbose cli   'C:\\Users\\yiweiguo\\AppData\\Roaming\\npm\\node_modules\\npm\\bin\\npm-cli.js',
1 verbose cli   'start' ]
2 info using npm@3.10.6
3 info using node@v4.4.4
4 verbose run-script [ 'prestart', 'start', 'poststart' ]
5 info lifecycle btctradetool@0.0.0~prestart: btctradetool@0.0.0
6 silly lifecycle btctradetool@0.0.0~prestart: no script for prestart, continuing
7 info lifecycle btctradetool@0.0.0~start: btctradetool@0.0.0
8 verbose lifecycle btctradetool@0.0.0~start: unsafe-perm in lifecycle true
9 verbose lifecycle btctradetool@0.0.0~start: PATH: C:\Users\yiweiguo\AppData\Roaming\npm\node_modules\npm\bin\node-gyp-bin;D:\campus\project\portal\cpts_463_sw\node_modules\.bin;D:\app\yiweiguo\product\11.2.0\dbhome_1\bin;D:\app\yiweiguo\product\11.2.0\dbhome_2\bin;D:\Java\jdk1.7\bin;D:\Java\jdk1.7\lib;C:\Program Files (x86)\Intel\iCLS Client\;C:\Program Files\Intel\iCLS Client\;C:\WINDOWS\system32;C:\WINDOWS;C:\WINDOWS\System32\Wbem;C:\WINDOWS\System32\WindowsPowerShell\v1.0\;C:\Program Files (x86)\Intel\Intel(R) Management Engine Components\DAL;C:\Program Files\Intel\Intel(R) Management Engine Components\DAL;C:\Program Files (x86)\Intel\Intel(R) Management Engine Components\IPT;C:\Program Files\Intel\Intel(R) Management Engine Components\IPT;C:\Program Files (x86)\ATI Technologies\ATI.ACE\Core-Static;C:\Program Files\Intel\WiFi\bin\;C:\Program Files\Common Files\Intel\WirelessCommon\;D:\Java\apache-tomcat-7.0.63\bin;D:\Java\apache-tomcat-7.0.63\lib;D:\Java\apache-maven-3.3.9\bin;D:\Java\resin-4\resin-4.0.41\bin;D:\Java\jre1.7\bin;C:\Program Files (x86)\MySQL\MySQL Fabric 1.5 & MySQL Utilities 1.5\;C:\Program Files (x86)\MySQL\MySQL Fabric 1.5 & MySQL Utilities 1.5\Doctrine extensions for PHP\;C:\Program Files\MySQL\MySQL Server 5.7\bin;D:\Git\cmd;c:\Program Files (x86)\QuickTime\QTSystem\;C:\Program Files\MIT\Kerberos\bin;D:\Program Files (x86)\OpenLDAP\kfw\Binary;C:\Program Files (x86)\OpenLDAP\kfw\Binary;C:\Program Files (x86)\Calibre2\;C:\Program Files (x86)\Subversion\bin;C:\Users\yiweiguo\AppData\Roaming\npm;D:\Program Files\nvmw;D:\Java\oracle\instantclient_11_2;D:\Program Files\nodejs\;C:\WINDOWS\system32\config\systemprofile\.dnx\bin;C:\Program Files\Microsoft DNX\Dnvm\;C:\Program Files\Microsoft SQL Server\130\Tools\Binn\;C:\Program Files (x86)\MSBuild\14.0\Bin;C:\Python27;C:\Program Files (x86)\Windows Kits\8.1\Windows Performance Toolkit\;C:\Program Files\WinRAR;C:\ProgramData\Oracle\Java\javapath;C:\Program Files (x86)\Intel\iCLS Client\;C:\Program Files\Intel\iCLS Client\;C:\Windows\system32;C:\Windows;C:\Windows\System32\Wbem;C:\Windows\System32\WindowsPowerShell\v1.0\;C:\Program Files (x86)\Intel\Intel(R) Management Engine Components\DAL;C:\Program Files\Intel\Intel(R) Management Engine Components\DAL;C:\Program Files (x86)\Intel\Intel(R) Management Engine Components\IPT;C:\Program Files\Intel\Intel(R) Management Engine Components\IPT;C:\Program Files (x86)\ATI Technologies\ATI.ACE\Core-Static;C:\Program Files\Intel\WiFi\bin\;C:\Program Files\Common Files\Intel\WirelessCommon\;D:\Java\apache-tomcat-7.0.63\bin;D:\Java\apache-tomcat-7.0.63\lib;C:\Users\yiweiguo\AppData\Local\Microsoft\WindowsApps;C:\Users\yiweiguo\AppData\Roaming\npm
10 verbose lifecycle btctradetool@0.0.0~start: CWD: D:\campus\project\portal\cpts_463_sw
11 silly lifecycle btctradetool@0.0.0~start: Args: [ '/d /s /c', 'node ./bin/www' ]
12 silly lifecycle btctradetool@0.0.0~start: Returned: code: 1  signal: null
13 info lifecycle btctradetool@0.0.0~start: Failed to exec start script
14 verbose stack Error: btctradetool@0.0.0 start: `node ./bin/www`
14 verbose stack Exit status 1
14 verbose stack     at EventEmitter.<anonymous> (C:\Users\yiweiguo\AppData\Roaming\npm\node_modules\npm\lib\utils\lifecycle.js:255:16)
14 verbose stack     at emitTwo (events.js:87:13)
14 verbose stack     at EventEmitter.emit (events.js:172:7)
14 verbose stack     at ChildProcess.<anonymous> (C:\Users\yiweiguo\AppData\Roaming\npm\node_modules\npm\lib\utils\spawn.js:40:14)
14 verbose stack     at emitTwo (events.js:87:13)
14 verbose stack     at ChildProcess.emit (events.js:172:7)
14 verbose stack     at maybeClose (internal/child_process.js:827:16)
14 verbose stack     at Process.ChildProcess._handle.onexit (internal/child_process.js:211:5)
15 verbose pkgid btctradetool@0.0.0
16 verbose cwd D:\campus\project\portal\cpts_463_sw
17 error Windows_NT 10.0.14393
18 error argv "D:\\Program Files\\nodejs\\node.exe" "C:\\Users\\yiweiguo\\AppData\\Roaming\\npm\\node_modules\\npm\\bin\\npm-cli.js" "start"
19 error node v4.4.4
20 error npm  v3.10.6
21 error code ELIFECYCLE
22 error btctradetool@0.0.0 start: `node ./bin/www`
22 error Exit status 1
23 error Failed at the btctradetool@0.0.0 start script 'node ./bin/www'.
23 error Make sure you have the latest version of node.js and npm installed.
23 error If you do, this is most likely a problem with the btctradetool package,
23 error not with npm itself.
23 error Tell the author that this fails on your system:
23 error     node ./bin/www
23 error You can get information on how to open an issue for this project with:
23 error     npm bugs btctradetool
23 error Or if that isn't available, you can get their info via:
23 error     npm owner ls btctradetool
23 error There is likely additional logging output above.
24 verbose exit [ 1, true ]
